<?xml version="1.0" encoding="UTF-8"?>
<!-- Generated by org.testng.reporters.JUnitReportReporter -->
<testsuite skipped="0" hostname="LAPTOP-G9OJCU9U" name="com.grp.OrangeHRMTestng" tests="1" failures="0" timestamp="16 Apr 2023 04:46:49 GMT" time="8.322" errors="0">
  <testcase name="Orange" time="8.322" classname="com.grp.OrangeHRMTestng"/>
</testsuite> <!-- com.grp.OrangeHRMTestng -->
