<?xml version="1.0" encoding="UTF-8"?>
<!-- Generated by org.testng.reporters.JUnitReportReporter -->
<testsuite skipped="0" hostname="LAPTOP-G9OJCU9U" name="com.ng.OrangeParameters" tests="1" failures="0" timestamp="16 Apr 2023 05:23:21 GMT" time="8.518" errors="0">
  <testcase name="Orange" time="8.518" classname="com.ng.OrangeParameters"/>
</testsuite> <!-- com.ng.OrangeParameters -->
