<?xml version="1.0" encoding="UTF-8"?>
<!-- Generated by org.testng.reporters.JUnitReportReporter -->
<testsuite skipped="0" hostname="LAPTOP-G9OJCU9U" name="com.grp.FacebookTestng" tests="1" failures="0" timestamp="13 Apr 2023 01:17:03 GMT" time="2.526" errors="0">
  <testcase name="facebook" time="2.526" classname="com.grp.FacebookTestng"/>
</testsuite> <!-- com.grp.FacebookTestng -->
