<?xml version="1.0" encoding="UTF-8"?>
<!-- Generated by org.testng.reporters.JUnitReportReporter -->
<testsuite skipped="0" hostname="LAPTOP-G9OJCU9U" name="com.ng.FacebookTestng" tests="1" failures="0" timestamp="12 Apr 2023 22:01:04 GMT" time="4.322" errors="0">
  <testcase name="facebook" time="4.322" classname="com.ng.FacebookTestng"/>
</testsuite> <!-- com.ng.FacebookTestng -->
