<?xml version="1.0" encoding="UTF-8"?>
<!-- Generated by org.testng.reporters.JUnitReportReporter -->
<testsuite skipped="0" hostname="LAPTOP-G9OJCU9U" name="com.ng.ExecutionOrder" tests="1" failures="0" timestamp="12 Apr 2023 02:07:33 GMT" time="0.016" errors="0">
  <testcase name="one" time="0.016" classname="com.ng.ExecutionOrder"/>
</testsuite> <!-- com.ng.ExecutionOrder -->
