<?xml version="1.0" encoding="UTF-8"?>
<!-- Generated by org.testng.reporters.JUnitReportReporter -->
<testsuite skipped="0" hostname="LAPTOP-G9OJCU9U" name="com.ng.AmazonTestng" tests="3" failures="0" timestamp="12 Apr 2023 21:59:01 GMT" time="6.325" errors="0">
  <testcase name="amazon" time="1.853" classname="com.ng.AmazonTestng"/>
  <testcase name="amazon" time="2.009" classname="com.ng.AmazonTestng"/>
  <testcase name="amazon" time="2.463" classname="com.ng.AmazonTestng"/>
</testsuite> <!-- com.ng.AmazonTestng -->
