<?xml version="1.0" encoding="UTF-8"?>
<!-- Generated by org.testng.reporters.JUnitReportReporter -->
<testsuite skipped="0" hostname="LAPTOP-G9OJCU9U" name="com.ng.TargetTestng" tests="1" failures="0" timestamp="12 Apr 2023 21:55:04 GMT" time="6.056" errors="0">
  <testcase name="target" time="6.056" classname="com.ng.TargetTestng"/>
</testsuite> <!-- com.ng.TargetTestng -->
