<?xml version="1.0" encoding="UTF-8"?>
<!-- Generated by org.testng.reporters.JUnitReportReporter -->
<testsuite skipped="0" hostname="LAPTOP-G9OJCU9U" name="com.ng.FruitsTest" tests="4" failures="0" timestamp="12 Apr 2023 22:10:10 GMT" time="0.003" errors="0">
  <testcase name="cherry" time="0.000" classname="com.ng.FruitsTest"/>
  <testcase name="grapes" time="0.003" classname="com.ng.FruitsTest"/>
  <testcase name="apple" time="0.000" classname="com.ng.FruitsTest"/>
  <testcase name="mango" time="0.000" classname="com.ng.FruitsTest"/>
</testsuite> <!-- com.ng.FruitsTest -->
