<?xml version="1.0" encoding="UTF-8"?>
<!-- Generated by org.testng.reporters.JUnitReportReporter -->
<testsuite skipped="0" hostname="LAPTOP-G9OJCU9U" name="com.orgtest.ExcelDataTest1" tests="1" failures="0" timestamp="20 Apr 2023 22:41:38 GMT" time="0.559" errors="0">
  <testcase name="excel" time="0.559" classname="com.orgtest.ExcelDataTest1"/>
</testsuite> <!-- com.orgtest.ExcelDataTest1 -->
