<?xml version="1.0" encoding="UTF-8"?>
<!-- Generated by org.testng.reporters.JUnitReportReporter -->
<testsuite skipped="0" hostname="LAPTOP-G9OJCU9U" name="com.grp.AmazonTestng" tests="1" failures="0" timestamp="13 Apr 2023 01:17:03 GMT" time="5.055" errors="0">
  <testcase name="amazon" time="5.055" classname="com.grp.AmazonTestng"/>
</testsuite> <!-- com.grp.AmazonTestng -->
