<?xml version="1.0" encoding="UTF-8"?>
<!-- Generated by org.testng.reporters.JUnitReportReporter -->
<testsuite skipped="0" hostname="LAPTOP-G9OJCU9U" name="com.ng.OrangeHRMTestng" tests="1" failures="0" timestamp="16 Apr 2023 04:43:05 GMT" time="4.346" errors="0">
  <testcase name="orange" time="4.346" classname="com.ng.OrangeHRMTestng"/>
</testsuite> <!-- com.ng.OrangeHRMTestng -->
