<?xml version="1.0" encoding="UTF-8"?>
<!-- Generated by org.testng.reporters.JUnitReportReporter -->
<testsuite skipped="0" hostname="LAPTOP-G9OJCU9U" name="com.smallandmore.OrangeHRMTestng" tests="1" failures="0" timestamp="13 Apr 2023 01:30:56 GMT" time="2.103" errors="0">
  <testcase name="orange" time="2.103" classname="com.smallandmore.OrangeHRMTestng"/>
</testsuite> <!-- com.smallandmore.OrangeHRMTestng -->
