<?xml version="1.0" encoding="UTF-8"?>
<!-- Generated by org.testng.reporters.JUnitReportReporter -->
<testsuite skipped="0" hostname="LAPTOP-G9OJCU9U" name="com.grp.FacebookTestng" tests="1" failures="0" timestamp="23 Apr 2023 21:47:43 GMT" time="1.985" errors="0">
  <testcase name="facebook" time="1.985" classname="com.grp.FacebookTestng"/>
</testsuite> <!-- com.grp.FacebookTestng -->
